{"/Users/raul/MPP/livrogrande-backend/server.js": {"path":"/Users/raul/MPP/livrogrande-backend/server.js","statementMap":{"0":{"start":{"line":1,"column":16},"end":{"line":1,"column":34}},"1":{"start":{"line":2,"column":13},"end":{"line":2,"column":28}},"2":{"start":{"line":3,"column":19},"end":{"line":3,"column":39}},"3":{"start":{"line":4,"column":13},"end":{"line":4,"column":28}},"4":{"start":{"line":5,"column":25},"end":{"line":5,"column":57}},"5":{"start":{"line":6,"column":32},"end":{"line":6,"column":59}},"6":{"start":{"line":7,"column":19},"end":{"line":7,"column":49}},"7":{"start":{"line":8,"column":22},"end":{"line":8,"column":59}},"8":{"start":{"line":10,"column":17},"end":{"line":10,"column":36}},"9":{"start":{"line":11,"column":19},"end":{"line":11,"column":49}},"10":{"start":{"line":12,"column":13},"end":{"line":12,"column":37}},"11":{"start":{"line":14,"column":12},"end":{"line":14,"column":21}},"12":{"start":{"line":15,"column":15},"end":{"line":15,"column":37}},"13":{"start":{"line":17,"column":13},"end":{"line":17,"column":37}},"14":{"start":{"line":19,"column":11},"end":{"line":21,"column":2}},"15":{"start":{"line":23,"column":0},"end":{"line":23,"column":16}},"16":{"start":{"line":24,"column":0},"end":{"line":24,"column":24}},"17":{"start":{"line":25,"column":0},"end":{"line":25,"column":18}},"18":{"start":{"line":28,"column":0},"end":{"line":28,"column":49}},"19":{"start":{"line":29,"column":0},"end":{"line":29,"column":34}},"20":{"start":{"line":32,"column":0},"end":{"line":34,"column":54}},"21":{"start":{"line":33,"column":14},"end":{"line":33,"column":49}},"22":{"start":{"line":34,"column":16},"end":{"line":34,"column":52}},"23":{"start":{"line":37,"column":23},"end":{"line":37,"column":64}},"24":{"start":{"line":38,"column":2},"end":{"line":38,"column":29}},"25":{"start":{"line":39,"column":2},"end":{"line":39,"column":40}},"26":{"start":{"line":42,"column":2},"end":{"line":60,"column":5}},"27":{"start":{"line":43,"column":4},"end":{"line":43,"column":39}},"28":{"start":{"line":46,"column":4},"end":{"line":48,"column":7}},"29":{"start":{"line":47,"column":6},"end":{"line":47,"column":51}},"30":{"start":{"line":51,"column":4},"end":{"line":59,"column":7}},"31":{"start":{"line":52,"column":6},"end":{"line":58,"column":7}},"32":{"start":{"line":53,"column":24},"end":{"line":53,"column":84}},"33":{"start":{"line":54,"column":8},"end":{"line":54,"column":29}},"34":{"start":{"line":55,"column":8},"end":{"line":55,"column":44}},"35":{"start":{"line":57,"column":8},"end":{"line":57,"column":47}},"36":{"start":{"line":63,"column":2},"end":{"line":68,"column":3}},"37":{"start":{"line":64,"column":4},"end":{"line":67,"column":7}},"38":{"start":{"line":65,"column":6},"end":{"line":65,"column":61}},"39":{"start":{"line":66,"column":6},"end":{"line":66,"column":70}},"40":{"start":{"line":70,"column":0},"end":{"line":70,"column":14}},"41":{"start":{"line":72,"column":0},"end":{"line":72,"column":21}}},"fnMap":{"0":{"name":"(anonymous_0)","decl":{"start":{"line":33,"column":8},"end":{"line":33,"column":9}},"loc":{"start":{"line":33,"column":14},"end":{"line":33,"column":49}},"line":33},"1":{"name":"(anonymous_1)","decl":{"start":{"line":34,"column":9},"end":{"line":34,"column":10}},"loc":{"start":{"line":34,"column":16},"end":{"line":34,"column":52}},"line":34},"2":{"name":"startServer","decl":{"start":{"line":36,"column":15},"end":{"line":36,"column":26}},"loc":{"start":{"line":36,"column":29},"end":{"line":69,"column":1}},"line":36},"3":{"name":"(anonymous_3)","decl":{"start":{"line":42,"column":22},"end":{"line":42,"column":23}},"loc":{"start":{"line":42,"column":34},"end":{"line":60,"column":3}},"line":42},"4":{"name":"(anonymous_4)","decl":{"start":{"line":46,"column":55},"end":{"line":46,"column":56}},"loc":{"start":{"line":46,"column":64},"end":{"line":48,"column":5}},"line":46},"5":{"name":"(anonymous_5)","decl":{"start":{"line":51,"column":30},"end":{"line":51,"column":31}},"loc":{"start":{"line":51,"column":46},"end":{"line":59,"column":5}},"line":51},"6":{"name":"(anonymous_6)","decl":{"start":{"line":64,"column":35},"end":{"line":64,"column":36}},"loc":{"start":{"line":64,"column":41},"end":{"line":67,"column":5}},"line":64}},"branchMap":{"0":{"loc":{"start":{"line":17,"column":13},"end":{"line":17,"column":37}},"type":"binary-expr","locations":[{"start":{"line":17,"column":13},"end":{"line":17,"column":29}},{"start":{"line":17,"column":33},"end":{"line":17,"column":37}}],"line":17},"1":{"loc":{"start":{"line":63,"column":2},"end":{"line":68,"column":3}},"type":"if","locations":[{"start":{"line":63,"column":2},"end":{"line":68,"column":3}},{"start":{},"end":{}}],"line":63}},"s":{"0":1,"1":1,"2":1,"3":1,"4":1,"5":1,"6":1,"7":1,"8":1,"9":1,"10":1,"11":1,"12":1,"13":1,"14":1,"15":1,"16":1,"17":1,"18":1,"19":1,"20":1,"21":1,"22":0,"23":1,"24":1,"25":1,"26":1,"27":0,"28":0,"29":0,"30":0,"31":0,"32":0,"33":0,"34":0,"35":0,"36":1,"37":0,"38":0,"39":0,"40":1,"41":1},"f":{"0":1,"1":0,"2":1,"3":0,"4":0,"5":0,"6":0},"b":{"0":[1,1],"1":[0,1]},"_coverageSchema":"1a1c01bbd47fc00a2c39e90264f33305004495a9","hash":"44edd98dd94378deb13277f15c6489a70e0b1798"}
,"/Users/raul/MPP/livrogrande-backend/sharedData.js": {"path":"/Users/raul/MPP/livrogrande-backend/sharedData.js","statementMap":{"0":{"start":{"line":1,"column":19},"end":{"line":6,"column":1}},"1":{"start":{"line":8,"column":12},"end":{"line":21,"column":1}},"2":{"start":{"line":23,"column":0},"end":{"line":23,"column":39}}},"fnMap":{},"branchMap":{},"s":{"0":1,"1":1,"2":1},"f":{},"b":{},"_coverageSchema":"1a1c01bbd47fc00a2c39e90264f33305004495a9","hash":"4dfd37fd5f4125e3cb72e4c5336653761e6936eb"}
,"/Users/raul/MPP/livrogrande-backend/controllers/bookController.js": {"path":"/Users/raul/MPP/livrogrande-backend/controllers/bookController.js","statementMap":{"0":{"start":{"line":1,"column":28},"end":{"line":1,"column":48}},"1":{"start":{"line":3,"column":24},"end":{"line":3,"column":28}},"2":{"start":{"line":6,"column":0},"end":{"line":22,"column":2}},"3":{"start":{"line":7,"column":2},"end":{"line":21,"column":3}},"4":{"start":{"line":8,"column":22},"end":{"line":8,"column":31}},"5":{"start":{"line":9,"column":24},"end":{"line":9,"column":46}},"6":{"start":{"line":12,"column":18},"end":{"line":16,"column":6}},"7":{"start":{"line":18,"column":4},"end":{"line":18,"column":32}},"8":{"start":{"line":20,"column":4},"end":{"line":20,"column":51}},"9":{"start":{"line":24,"column":0},"end":{"line":35,"column":2}},"10":{"start":{"line":25,"column":2},"end":{"line":34,"column":3}},"11":{"start":{"line":26,"column":17},"end":{"line":28,"column":6}},"12":{"start":{"line":30,"column":4},"end":{"line":31,"column":61}},"13":{"start":{"line":30,"column":14},"end":{"line":30,"column":29}},"14":{"start":{"line":31,"column":9},"end":{"line":31,"column":61}},"15":{"start":{"line":33,"column":4},"end":{"line":33,"column":51}},"16":{"start":{"line":38,"column":0},"end":{"line":64,"column":2}},"17":{"start":{"line":39,"column":2},"end":{"line":63,"column":3}},"18":{"start":{"line":40,"column":56},"end":{"line":40,"column":64}},"19":{"start":{"line":42,"column":4},"end":{"line":42,"column":101}},"20":{"start":{"line":42,"column":27},"end":{"line":42,"column":101}},"21":{"start":{"line":43,"column":4},"end":{"line":43,"column":132}},"22":{"start":{"line":43,"column":59},"end":{"line":43,"column":132}},"23":{"start":{"line":45,"column":20},"end":{"line":51,"column":6}},"24":{"start":{"line":53,"column":25},"end":{"line":55,"column":6}},"25":{"start":{"line":57,"column":15},"end":{"line":57,"column":32}},"26":{"start":{"line":58,"column":4},"end":{"line":58,"column":48}},"27":{"start":{"line":58,"column":12},"end":{"line":58,"column":48}},"28":{"start":{"line":60,"column":4},"end":{"line":60,"column":39}},"29":{"start":{"line":62,"column":4},"end":{"line":62,"column":51}},"30":{"start":{"line":67,"column":0},"end":{"line":93,"column":2}},"31":{"start":{"line":68,"column":2},"end":{"line":92,"column":3}},"32":{"start":{"line":69,"column":56},"end":{"line":69,"column":64}},"33":{"start":{"line":71,"column":4},"end":{"line":71,"column":116}},"34":{"start":{"line":71,"column":39},"end":{"line":71,"column":116}},"35":{"start":{"line":72,"column":4},"end":{"line":72,"column":132}},"36":{"start":{"line":72,"column":59},"end":{"line":72,"column":132}},"37":{"start":{"line":74,"column":17},"end":{"line":74,"column":51}},"38":{"start":{"line":75,"column":4},"end":{"line":75,"column":74}},"39":{"start":{"line":75,"column":15},"end":{"line":75,"column":74}},"40":{"start":{"line":77,"column":4},"end":{"line":83,"column":7}},"41":{"start":{"line":85,"column":24},"end":{"line":87,"column":6}},"42":{"start":{"line":89,"column":4},"end":{"line":89,"column":26}},"43":{"start":{"line":91,"column":4},"end":{"line":91,"column":51}},"44":{"start":{"line":96,"column":0},"end":{"line":106,"column":2}},"45":{"start":{"line":97,"column":2},"end":{"line":105,"column":3}},"46":{"start":{"line":98,"column":17},"end":{"line":98,"column":51}},"47":{"start":{"line":99,"column":4},"end":{"line":99,"column":74}},"48":{"start":{"line":99,"column":15},"end":{"line":99,"column":74}},"49":{"start":{"line":101,"column":4},"end":{"line":101,"column":25}},"50":{"start":{"line":102,"column":4},"end":{"line":102,"column":54}},"51":{"start":{"line":104,"column":4},"end":{"line":104,"column":51}},"52":{"start":{"line":109,"column":0},"end":{"line":123,"column":2}},"53":{"start":{"line":110,"column":2},"end":{"line":122,"column":3}},"54":{"start":{"line":111,"column":23},"end":{"line":111,"column":41}},"55":{"start":{"line":114,"column":20},"end":{"line":117,"column":6}},"56":{"start":{"line":119,"column":4},"end":{"line":119,"column":45}},"57":{"start":{"line":121,"column":4},"end":{"line":121,"column":51}},"58":{"start":{"line":126,"column":0},"end":{"line":155,"column":2}},"59":{"start":{"line":127,"column":2},"end":{"line":127,"column":95}},"60":{"start":{"line":127,"column":25},"end":{"line":127,"column":95}},"61":{"start":{"line":129,"column":13},"end":{"line":129,"column":30}},"62":{"start":{"line":131,"column":2},"end":{"line":152,"column":11}},"63":{"start":{"line":132,"column":4},"end":{"line":151,"column":5}},"64":{"start":{"line":134,"column":22},"end":{"line":140,"column":8}},"65":{"start":{"line":142,"column":27},"end":{"line":144,"column":8}},"66":{"start":{"line":146,"column":6},"end":{"line":146,"column":50}},"67":{"start":{"line":146,"column":14},"end":{"line":146,"column":50}},"68":{"start":{"line":147,"column":6},"end":{"line":147,"column":61}},"69":{"start":{"line":150,"column":6},"end":{"line":150,"column":56}},"70":{"start":{"line":154,"column":2},"end":{"line":154,"column":57}},"71":{"start":{"line":157,"column":0},"end":{"line":163,"column":2}},"72":{"start":{"line":158,"column":2},"end":{"line":158,"column":56}},"73":{"start":{"line":160,"column":2},"end":{"line":160,"column":35}},"74":{"start":{"line":161,"column":2},"end":{"line":161,"column":27}},"75":{"start":{"line":162,"column":2},"end":{"line":162,"column":57}}},"fnMap":{"0":{"name":"(anonymous_0)","decl":{"start":{"line":6,"column":19},"end":{"line":6,"column":20}},"loc":{"start":{"line":6,"column":39},"end":{"line":22,"column":1}},"line":6},"1":{"name":"(anonymous_1)","decl":{"start":{"line":24,"column":22},"end":{"line":24,"column":23}},"loc":{"start":{"line":24,"column":42},"end":{"line":35,"column":1}},"line":24},"2":{"name":"(anonymous_2)","decl":{"start":{"line":38,"column":21},"end":{"line":38,"column":22}},"loc":{"start":{"line":38,"column":41},"end":{"line":64,"column":1}},"line":38},"3":{"name":"(anonymous_3)","decl":{"start":{"line":67,"column":21},"end":{"line":67,"column":22}},"loc":{"start":{"line":67,"column":41},"end":{"line":93,"column":1}},"line":67},"4":{"name":"(anonymous_4)","decl":{"start":{"line":96,"column":21},"end":{"line":96,"column":22}},"loc":{"start":{"line":96,"column":41},"end":{"line":106,"column":1}},"line":96},"5":{"name":"(anonymous_5)","decl":{"start":{"line":109,"column":19},"end":{"line":109,"column":20}},"loc":{"start":{"line":109,"column":39},"end":{"line":123,"column":1}},"line":109},"6":{"name":"(anonymous_6)","decl":{"start":{"line":126,"column":25},"end":{"line":126,"column":26}},"loc":{"start":{"line":126,"column":39},"end":{"line":155,"column":1}},"line":126},"7":{"name":"(anonymous_7)","decl":{"start":{"line":131,"column":34},"end":{"line":131,"column":35}},"loc":{"start":{"line":131,"column":46},"end":{"line":152,"column":3}},"line":131},"8":{"name":"(anonymous_8)","decl":{"start":{"line":157,"column":24},"end":{"line":157,"column":25}},"loc":{"start":{"line":157,"column":38},"end":{"line":163,"column":1}},"line":157}},"branchMap":{"0":{"loc":{"start":{"line":9,"column":24},"end":{"line":9,"column":46}},"type":"cond-expr","locations":[{"start":{"line":9,"column":32},"end":{"line":9,"column":41}},{"start":{"line":9,"column":44},"end":{"line":9,"column":46}}],"line":9},"1":{"loc":{"start":{"line":30,"column":4},"end":{"line":31,"column":61}},"type":"if","locations":[{"start":{"line":30,"column":4},"end":{"line":31,"column":61}},{"start":{"line":31,"column":9},"end":{"line":31,"column":61}}],"line":30},"2":{"loc":{"start":{"line":42,"column":4},"end":{"line":42,"column":101}},"type":"if","locations":[{"start":{"line":42,"column":4},"end":{"line":42,"column":101}},{"start":{},"end":{}}],"line":42},"3":{"loc":{"start":{"line":42,"column":8},"end":{"line":42,"column":25}},"type":"binary-expr","locations":[{"start":{"line":42,"column":8},"end":{"line":42,"column":14}},{"start":{"line":42,"column":18},"end":{"line":42,"column":25}}],"line":42},"4":{"loc":{"start":{"line":43,"column":4},"end":{"line":43,"column":132}},"type":"if","locations":[{"start":{"line":43,"column":4},"end":{"line":43,"column":132}},{"start":{},"end":{}}],"line":43},"5":{"loc":{"start":{"line":43,"column":8},"end":{"line":43,"column":57}},"type":"binary-expr","locations":[{"start":{"line":43,"column":8},"end":{"line":43,"column":12}},{"start":{"line":43,"column":16},"end":{"line":43,"column":57}}],"line":43},"6":{"loc":{"start":{"line":48,"column":12},"end":{"line":48,"column":34}},"type":"binary-expr","locations":[{"start":{"line":48,"column":12},"end":{"line":48,"column":26}},{"start":{"line":48,"column":30},"end":{"line":48,"column":34}}],"line":48},"7":{"loc":{"start":{"line":49,"column":13},"end":{"line":49,"column":31}},"type":"binary-expr","locations":[{"start":{"line":49,"column":13},"end":{"line":49,"column":18}},{"start":{"line":49,"column":22},"end":{"line":49,"column":31}}],"line":49},"8":{"loc":{"start":{"line":50,"column":19},"end":{"line":50,"column":35}},"type":"binary-expr","locations":[{"start":{"line":50,"column":19},"end":{"line":50,"column":30}},{"start":{"line":50,"column":34},"end":{"line":50,"column":35}}],"line":50},"9":{"loc":{"start":{"line":58,"column":4},"end":{"line":58,"column":48}},"type":"if","locations":[{"start":{"line":58,"column":4},"end":{"line":58,"column":48}},{"start":{},"end":{}}],"line":58},"10":{"loc":{"start":{"line":71,"column":4},"end":{"line":71,"column":116}},"type":"if","locations":[{"start":{"line":71,"column":4},"end":{"line":71,"column":116}},{"start":{},"end":{}}],"line":71},"11":{"loc":{"start":{"line":71,"column":8},"end":{"line":71,"column":37}},"type":"binary-expr","locations":[{"start":{"line":71,"column":8},"end":{"line":71,"column":20}},{"start":{"line":71,"column":24},"end":{"line":71,"column":37}}],"line":71},"12":{"loc":{"start":{"line":72,"column":4},"end":{"line":72,"column":132}},"type":"if","locations":[{"start":{"line":72,"column":4},"end":{"line":72,"column":132}},{"start":{},"end":{}}],"line":72},"13":{"loc":{"start":{"line":72,"column":8},"end":{"line":72,"column":57}},"type":"binary-expr","locations":[{"start":{"line":72,"column":8},"end":{"line":72,"column":12}},{"start":{"line":72,"column":16},"end":{"line":72,"column":57}}],"line":72},"14":{"loc":{"start":{"line":75,"column":4},"end":{"line":75,"column":74}},"type":"if","locations":[{"start":{"line":75,"column":4},"end":{"line":75,"column":74}},{"start":{},"end":{}}],"line":75},"15":{"loc":{"start":{"line":99,"column":4},"end":{"line":99,"column":74}},"type":"if","locations":[{"start":{"line":99,"column":4},"end":{"line":99,"column":74}},{"start":{},"end":{}}],"line":99},"16":{"loc":{"start":{"line":127,"column":2},"end":{"line":127,"column":95}},"type":"if","locations":[{"start":{"line":127,"column":2},"end":{"line":127,"column":95}},{"start":{},"end":{}}],"line":127},"17":{"loc":{"start":{"line":146,"column":6},"end":{"line":146,"column":50}},"type":"if","locations":[{"start":{"line":146,"column":6},"end":{"line":146,"column":50}},{"start":{},"end":{}}],"line":146}},"s":{"0":1,"1":1,"2":1,"3":1,"4":1,"5":1,"6":1,"7":1,"8":0,"9":1,"10":2,"11":2,"12":2,"13":1,"14":1,"15":0,"16":1,"17":1,"18":1,"19":1,"20":0,"21":1,"22":0,"23":1,"24":0,"25":0,"26":0,"27":0,"28":0,"29":1,"30":1,"31":2,"32":2,"33":2,"34":0,"35":2,"36":0,"37":2,"38":2,"39":1,"40":1,"41":0,"42":0,"43":1,"44":1,"45":2,"46":2,"47":2,"48":1,"49":1,"50":1,"51":0,"52":1,"53":0,"54":0,"55":0,"56":0,"57":0,"58":1,"59":3,"60":2,"61":1,"62":1,"63":0,"64":0,"65":0,"66":0,"67":0,"68":0,"69":0,"70":1,"71":1,"72":2,"73":2,"74":2,"75":2},"f":{"0":1,"1":2,"2":1,"3":2,"4":2,"5":0,"6":3,"7":0,"8":2},"b":{"0":[0,1],"1":[1,1],"2":[0,1],"3":[1,1],"4":[0,1],"5":[1,1],"6":[1,0],"7":[1,0],"8":[1,0],"9":[0,0],"10":[0,2],"11":[2,2],"12":[0,2],"13":[2,0],"14":[1,1],"15":[1,1],"16":[2,1],"17":[0,0]},"_coverageSchema":"1a1c01bbd47fc00a2c39e90264f33305004495a9","hash":"47cf7a433e064de095a0cae0b78de8c0596a6642"}
,"/Users/raul/MPP/livrogrande-backend/graphql/schema.js": {"path":"/Users/raul/MPP/livrogrande-backend/graphql/schema.js","statementMap":{"0":{"start":{"line":1,"column":16},"end":{"line":1,"column":48}},"1":{"start":{"line":2,"column":15},"end":{"line":2,"column":39}},"2":{"start":{"line":4,"column":17},"end":{"line":32,"column":1}},"3":{"start":{"line":34,"column":18},"end":{"line":79,"column":1}},"4":{"start":{"line":37,"column":25},"end":{"line":37,"column":43}},"5":{"start":{"line":38,"column":23},"end":{"line":38,"column":41}},"6":{"start":{"line":39,"column":6},"end":{"line":39,"column":54}},"7":{"start":{"line":41,"column":32},"end":{"line":41,"column":67}},"8":{"start":{"line":41,"column":55},"end":{"line":41,"column":66}},"9":{"start":{"line":42,"column":25},"end":{"line":42,"column":42}},"10":{"start":{"line":46,"column":31},"end":{"line":46,"column":91}},"11":{"start":{"line":46,"column":59},"end":{"line":46,"column":90}},"12":{"start":{"line":52,"column":18},"end":{"line":52,"column":96}},"13":{"start":{"line":52,"column":46},"end":{"line":52,"column":71}},"14":{"start":{"line":53,"column":22},"end":{"line":57,"column":7}},"15":{"start":{"line":58,"column":6},"end":{"line":58,"column":33}},"16":{"start":{"line":59,"column":6},"end":{"line":59,"column":21}},"17":{"start":{"line":62,"column":20},"end":{"line":62,"column":60}},"18":{"start":{"line":62,"column":48},"end":{"line":62,"column":59}},"19":{"start":{"line":63,"column":6},"end":{"line":67,"column":7}},"20":{"start":{"line":64,"column":21},"end":{"line":64,"column":99}},"21":{"start":{"line":64,"column":49},"end":{"line":64,"column":74}},"22":{"start":{"line":65,"column":9},"end":{"line":65,"column":98}},"23":{"start":{"line":66,"column":9},"end":{"line":66,"column":36}},"24":{"start":{"line":68,"column":6},"end":{"line":68,"column":18}},"25":{"start":{"line":71,"column":20},"end":{"line":71,"column":60}},"26":{"start":{"line":71,"column":48},"end":{"line":71,"column":59}},"27":{"start":{"line":72,"column":6},"end":{"line":75,"column":7}},"28":{"start":{"line":73,"column":8},"end":{"line":73,"column":38}},"29":{"start":{"line":74,"column":8},"end":{"line":74,"column":20}},"30":{"start":{"line":76,"column":6},"end":{"line":76,"column":19}},"31":{"start":{"line":81,"column":0},"end":{"line":81,"column":41}}},"fnMap":{"0":{"name":"(anonymous_0)","decl":{"start":{"line":36,"column":14},"end":{"line":36,"column":15}},"loc":{"start":{"line":36,"column":47},"end":{"line":40,"column":5}},"line":36},"1":{"name":"(anonymous_1)","decl":{"start":{"line":41,"column":17},"end":{"line":41,"column":18}},"loc":{"start":{"line":41,"column":32},"end":{"line":41,"column":67}},"line":41},"2":{"name":"(anonymous_2)","decl":{"start":{"line":41,"column":50},"end":{"line":41,"column":51}},"loc":{"start":{"line":41,"column":55},"end":{"line":41,"column":66}},"line":41},"3":{"name":"(anonymous_3)","decl":{"start":{"line":42,"column":19},"end":{"line":42,"column":20}},"loc":{"start":{"line":42,"column":25},"end":{"line":42,"column":42}},"line":42},"4":{"name":"(anonymous_4)","decl":{"start":{"line":46,"column":15},"end":{"line":46,"column":16}},"loc":{"start":{"line":46,"column":31},"end":{"line":46,"column":91}},"line":46},"5":{"name":"(anonymous_5)","decl":{"start":{"line":46,"column":54},"end":{"line":46,"column":55}},"loc":{"start":{"line":46,"column":59},"end":{"line":46,"column":90}},"line":46},"6":{"name":"(anonymous_6)","decl":{"start":{"line":50,"column":13},"end":{"line":50,"column":14}},"loc":{"start":{"line":50,"column":26},"end":{"line":60,"column":5}},"line":50},"7":{"name":"(anonymous_7)","decl":{"start":{"line":52,"column":41},"end":{"line":52,"column":42}},"loc":{"start":{"line":52,"column":46},"end":{"line":52,"column":71}},"line":52},"8":{"name":"(anonymous_8)","decl":{"start":{"line":61,"column":16},"end":{"line":61,"column":17}},"loc":{"start":{"line":61,"column":40},"end":{"line":69,"column":5}},"line":61},"9":{"name":"(anonymous_9)","decl":{"start":{"line":62,"column":43},"end":{"line":62,"column":44}},"loc":{"start":{"line":62,"column":48},"end":{"line":62,"column":59}},"line":62},"10":{"name":"(anonymous_10)","decl":{"start":{"line":64,"column":44},"end":{"line":64,"column":45}},"loc":{"start":{"line":64,"column":49},"end":{"line":64,"column":74}},"line":64},"11":{"name":"(anonymous_11)","decl":{"start":{"line":70,"column":16},"end":{"line":70,"column":17}},"loc":{"start":{"line":70,"column":31},"end":{"line":77,"column":5}},"line":70},"12":{"name":"(anonymous_12)","decl":{"start":{"line":71,"column":43},"end":{"line":71,"column":44}},"loc":{"start":{"line":71,"column":48},"end":{"line":71,"column":59}},"line":71}},"branchMap":{"0":{"loc":{"start":{"line":36,"column":20},"end":{"line":36,"column":28}},"type":"default-arg","locations":[{"start":{"line":36,"column":27},"end":{"line":36,"column":28}}],"line":36},"1":{"loc":{"start":{"line":36,"column":30},"end":{"line":36,"column":40}},"type":"default-arg","locations":[{"start":{"line":36,"column":38},"end":{"line":36,"column":40}}],"line":36},"2":{"loc":{"start":{"line":52,"column":18},"end":{"line":52,"column":96}},"type":"binary-expr","locations":[{"start":{"line":52,"column":18},"end":{"line":52,"column":72}},{"start":{"line":52,"column":76},"end":{"line":52,"column":96}}],"line":52},"3":{"loc":{"start":{"line":63,"column":6},"end":{"line":67,"column":7}},"type":"if","locations":[{"start":{"line":63,"column":6},"end":{"line":67,"column":7}},{"start":{},"end":{}}],"line":63},"4":{"loc":{"start":{"line":64,"column":21},"end":{"line":64,"column":99}},"type":"binary-expr","locations":[{"start":{"line":64,"column":21},"end":{"line":64,"column":75}},{"start":{"line":64,"column":79},"end":{"line":64,"column":99}}],"line":64},"5":{"loc":{"start":{"line":72,"column":6},"end":{"line":75,"column":7}},"type":"if","locations":[{"start":{"line":72,"column":6},"end":{"line":75,"column":7}},{"start":{},"end":{}}],"line":72}},"s":{"0":1,"1":1,"2":1,"3":1,"4":0,"5":0,"6":0,"7":0,"8":0,"9":0,"10":0,"11":0,"12":0,"13":0,"14":0,"15":0,"16":0,"17":0,"18":0,"19":0,"20":0,"21":0,"22":0,"23":0,"24":0,"25":0,"26":0,"27":0,"28":0,"29":0,"30":0,"31":1},"f":{"0":0,"1":0,"2":0,"3":0,"4":0,"5":0,"6":0,"7":0,"8":0,"9":0,"10":0,"11":0,"12":0},"b":{"0":[0],"1":[0],"2":[0,0],"3":[0,0],"4":[0,0],"5":[0,0]},"_coverageSchema":"1a1c01bbd47fc00a2c39e90264f33305004495a9","hash":"e046c5d4acc65ce92399b1f4557e15f74b00d39e"}
,"/Users/raul/MPP/livrogrande-backend/middleware/stealthLogger.js": {"path":"/Users/raul/MPP/livrogrande-backend/middleware/stealthLogger.js","statementMap":{"0":{"start":{"line":1,"column":43},"end":{"line":1,"column":63}},"1":{"start":{"line":2,"column":15},"end":{"line":2,"column":24}},"2":{"start":{"line":5,"column":2},"end":{"line":44,"column":3}},"3":{"start":{"line":7,"column":19},"end":{"line":7,"column":43}},"4":{"start":{"line":8,"column":19},"end":{"line":8,"column":43}},"5":{"start":{"line":10,"column":4},"end":{"line":43,"column":5}},"6":{"start":{"line":11,"column":21},"end":{"line":11,"column":119}},"7":{"start":{"line":13,"column":6},"end":{"line":42,"column":7}},"8":{"start":{"line":15,"column":8},"end":{"line":15,"column":74}},"9":{"start":{"line":18,"column":33},"end":{"line":18,"column":65}},"10":{"start":{"line":20,"column":34},"end":{"line":25,"column":10}},"11":{"start":{"line":27,"column":8},"end":{"line":39,"column":9}},"12":{"start":{"line":29,"column":34},"end":{"line":29,"column":85}},"13":{"start":{"line":31,"column":10},"end":{"line":38,"column":11}},"14":{"start":{"line":33,"column":13},"end":{"line":36,"column":16}},"15":{"start":{"line":37,"column":13},"end":{"line":37,"column":100}},"16":{"start":{"line":41,"column":8},"end":{"line":41,"column":65}},"17":{"start":{"line":46,"column":2},"end":{"line":46,"column":9}},"18":{"start":{"line":49,"column":0},"end":{"line":49,"column":31}}},"fnMap":{"0":{"name":"stealthLogger","decl":{"start":{"line":4,"column":15},"end":{"line":4,"column":28}},"loc":{"start":{"line":4,"column":45},"end":{"line":47,"column":1}},"line":4}},"branchMap":{"0":{"loc":{"start":{"line":5,"column":2},"end":{"line":44,"column":3}},"type":"if","locations":[{"start":{"line":5,"column":2},"end":{"line":44,"column":3}},{"start":{},"end":{}}],"line":5},"1":{"loc":{"start":{"line":10,"column":4},"end":{"line":43,"column":5}},"type":"if","locations":[{"start":{"line":10,"column":4},"end":{"line":43,"column":5}},{"start":{},"end":{}}],"line":10},"2":{"loc":{"start":{"line":10,"column":8},"end":{"line":10,"column":24}},"type":"binary-expr","locations":[{"start":{"line":10,"column":8},"end":{"line":10,"column":14}},{"start":{"line":10,"column":18},"end":{"line":10,"column":24}}],"line":10},"3":{"loc":{"start":{"line":11,"column":21},"end":{"line":11,"column":119}},"type":"cond-expr","locations":[{"start":{"line":11,"column":45},"end":{"line":11,"column":59}},{"start":{"line":11,"column":62},"end":{"line":11,"column":119}}],"line":11},"4":{"loc":{"start":{"line":11,"column":62},"end":{"line":11,"column":119}},"type":"cond-expr","locations":[{"start":{"line":11,"column":85},"end":{"line":11,"column":100}},{"start":{"line":11,"column":103},"end":{"line":11,"column":119}}],"line":11},"5":{"loc":{"start":{"line":27,"column":8},"end":{"line":39,"column":9}},"type":"if","locations":[{"start":{"line":27,"column":8},"end":{"line":39,"column":9}},{"start":{},"end":{}}],"line":27},"6":{"loc":{"start":{"line":31,"column":10},"end":{"line":38,"column":11}},"type":"if","locations":[{"start":{"line":31,"column":10},"end":{"line":38,"column":11}},{"start":{},"end":{}}],"line":31}},"s":{"0":1,"1":1,"2":13,"3":10,"4":10,"5":10,"6":0,"7":0,"8":0,"9":0,"10":0,"11":0,"12":0,"13":0,"14":0,"15":0,"16":0,"17":13,"18":1},"f":{"0":13},"b":{"0":[10,3],"1":[0,10],"2":[10,0],"3":[0,0],"4":[0,0],"5":[0,0],"6":[0,0]},"_coverageSchema":"1a1c01bbd47fc00a2c39e90264f33305004495a9","hash":"e032c6c5312c60b6a2778a2f93a7ba841b3eb391"}
,"/Users/raul/MPP/livrogrande-backend/models/Chat.js": {"path":"/Users/raul/MPP/livrogrande-backend/models/Chat.js","statementMap":{"0":{"start":{"line":1,"column":17},"end":{"line":1,"column":36}},"1":{"start":{"line":3,"column":19},"end":{"line":7,"column":2}},"2":{"start":{"line":9,"column":0},"end":{"line":9,"column":52}}},"fnMap":{},"branchMap":{},"s":{"0":1,"1":1,"2":1},"f":{},"b":{},"_coverageSchema":"1a1c01bbd47fc00a2c39e90264f33305004495a9","hash":"cceea0fd9fe2cf3448ec87d92fa860d21d592281"}
,"/Users/raul/MPP/livrogrande-backend/models/book.js": {"path":"/Users/raul/MPP/livrogrande-backend/models/book.js","statementMap":{"0":{"start":{"line":1,"column":0},"end":{"line":16,"column":2}},"1":{"start":{"line":2,"column":15},"end":{"line":8,"column":4}},"2":{"start":{"line":10,"column":2},"end":{"line":13,"column":4}},"3":{"start":{"line":12,"column":4},"end":{"line":12,"column":85}},"4":{"start":{"line":15,"column":2},"end":{"line":15,"column":14}}},"fnMap":{"0":{"name":"(anonymous_0)","decl":{"start":{"line":1,"column":17},"end":{"line":1,"column":18}},"loc":{"start":{"line":1,"column":43},"end":{"line":16,"column":1}},"line":1},"1":{"name":"(anonymous_1)","decl":{"start":{"line":10,"column":19},"end":{"line":10,"column":20}},"loc":{"start":{"line":10,"column":36},"end":{"line":13,"column":3}},"line":10}},"branchMap":{},"s":{"0":1,"1":1,"2":1,"3":1,"4":1},"f":{"0":1,"1":1},"b":{},"_coverageSchema":"1a1c01bbd47fc00a2c39e90264f33305004495a9","hash":"abb3e542f4068a4517549e0a66b2c918758105d5"}
,"/Users/raul/MPP/livrogrande-backend/models/index.js": {"path":"/Users/raul/MPP/livrogrande-backend/models/index.js","statementMap":{"0":{"start":{"line":3,"column":11},"end":{"line":3,"column":24}},"1":{"start":{"line":4,"column":13},"end":{"line":4,"column":28}},"2":{"start":{"line":5,"column":18},"end":{"line":5,"column":38}},"3":{"start":{"line":6,"column":16},"end":{"line":6,"column":34}},"4":{"start":{"line":7,"column":17},"end":{"line":7,"column":42}},"5":{"start":{"line":8,"column":12},"end":{"line":8,"column":49}},"6":{"start":{"line":9,"column":15},"end":{"line":9,"column":65}},"7":{"start":{"line":10,"column":11},"end":{"line":10,"column":13}},"8":{"start":{"line":13,"column":0},"end":{"line":17,"column":1}},"9":{"start":{"line":14,"column":2},"end":{"line":14,"column":74}},"10":{"start":{"line":16,"column":2},"end":{"line":16,"column":87}},"11":{"start":{"line":19,"column":0},"end":{"line":32,"column":5}},"12":{"start":{"line":22,"column":4},"end":{"line":27,"column":6}},"13":{"start":{"line":30,"column":18},"end":{"line":30,"column":85}},"14":{"start":{"line":31,"column":4},"end":{"line":31,"column":27}},"15":{"start":{"line":34,"column":0},"end":{"line":38,"column":3}},"16":{"start":{"line":35,"column":2},"end":{"line":37,"column":3}},"17":{"start":{"line":36,"column":4},"end":{"line":36,"column":32}},"18":{"start":{"line":40,"column":0},"end":{"line":40,"column":25}},"19":{"start":{"line":41,"column":0},"end":{"line":41,"column":25}},"20":{"start":{"line":43,"column":0},"end":{"line":43,"column":20}}},"fnMap":{"0":{"name":"(anonymous_0)","decl":{"start":{"line":21,"column":10},"end":{"line":21,"column":11}},"loc":{"start":{"line":21,"column":18},"end":{"line":28,"column":3}},"line":21},"1":{"name":"(anonymous_1)","decl":{"start":{"line":29,"column":11},"end":{"line":29,"column":12}},"loc":{"start":{"line":29,"column":19},"end":{"line":32,"column":3}},"line":29},"2":{"name":"(anonymous_2)","decl":{"start":{"line":34,"column":24},"end":{"line":34,"column":25}},"loc":{"start":{"line":34,"column":37},"end":{"line":38,"column":1}},"line":34}},"branchMap":{"0":{"loc":{"start":{"line":8,"column":12},"end":{"line":8,"column":49}},"type":"binary-expr","locations":[{"start":{"line":8,"column":12},"end":{"line":8,"column":32}},{"start":{"line":8,"column":36},"end":{"line":8,"column":49}}],"line":8},"1":{"loc":{"start":{"line":13,"column":0},"end":{"line":17,"column":1}},"type":"if","locations":[{"start":{"line":13,"column":0},"end":{"line":17,"column":1}},{"start":{"line":15,"column":7},"end":{"line":17,"column":1}}],"line":13},"2":{"loc":{"start":{"line":23,"column":6},"end":{"line":26,"column":37}},"type":"binary-expr","locations":[{"start":{"line":23,"column":6},"end":{"line":23,"column":29}},{"start":{"line":24,"column":6},"end":{"line":24,"column":23}},{"start":{"line":25,"column":6},"end":{"line":25,"column":30}},{"start":{"line":26,"column":6},"end":{"line":26,"column":37}}],"line":23},"3":{"loc":{"start":{"line":35,"column":2},"end":{"line":37,"column":3}},"type":"if","locations":[{"start":{"line":35,"column":2},"end":{"line":37,"column":3}},{"start":{},"end":{}}],"line":35}},"s":{"0":1,"1":1,"2":1,"3":1,"4":1,"5":1,"6":1,"7":1,"8":1,"9":0,"10":1,"11":1,"12":8,"13":7,"14":7,"15":1,"16":7,"17":5,"18":1,"19":1,"20":1},"f":{"0":8,"1":7,"2":7},"b":{"0":[1,0],"1":[0,1],"2":[8,8,7,7],"3":[5,2]},"_coverageSchema":"1a1c01bbd47fc00a2c39e90264f33305004495a9","hash":"3218a51369dbe1802ab78538b831df3a0017c7ca"}
,"/Users/raul/MPP/livrogrande-backend/models/log.js": {"path":"/Users/raul/MPP/livrogrande-backend/models/log.js","statementMap":{"0":{"start":{"line":1,"column":0},"end":{"line":8,"column":2}},"1":{"start":{"line":2,"column":14},"end":{"line":6,"column":4}},"2":{"start":{"line":7,"column":2},"end":{"line":7,"column":13}}},"fnMap":{"0":{"name":"(anonymous_0)","decl":{"start":{"line":1,"column":17},"end":{"line":1,"column":18}},"loc":{"start":{"line":1,"column":43},"end":{"line":8,"column":1}},"line":1}},"branchMap":{},"s":{"0":1,"1":1,"2":1},"f":{"0":1},"b":{},"_coverageSchema":"1a1c01bbd47fc00a2c39e90264f33305004495a9","hash":"c11d7adff23bdc3efd805b55794e07ce84bc20d5"}
,"/Users/raul/MPP/livrogrande-backend/models/publisher.js": {"path":"/Users/raul/MPP/livrogrande-backend/models/publisher.js","statementMap":{"0":{"start":{"line":1,"column":0},"end":{"line":13,"column":2}},"1":{"start":{"line":2,"column":20},"end":{"line":5,"column":4}},"2":{"start":{"line":7,"column":2},"end":{"line":10,"column":4}},"3":{"start":{"line":9,"column":4},"end":{"line":9,"column":79}},"4":{"start":{"line":12,"column":2},"end":{"line":12,"column":19}}},"fnMap":{"0":{"name":"(anonymous_0)","decl":{"start":{"line":1,"column":17},"end":{"line":1,"column":18}},"loc":{"start":{"line":1,"column":43},"end":{"line":13,"column":1}},"line":1},"1":{"name":"(anonymous_1)","decl":{"start":{"line":7,"column":24},"end":{"line":7,"column":25}},"loc":{"start":{"line":7,"column":41},"end":{"line":10,"column":3}},"line":7}},"branchMap":{},"s":{"0":1,"1":1,"2":1,"3":1,"4":1},"f":{"0":1,"1":1},"b":{},"_coverageSchema":"1a1c01bbd47fc00a2c39e90264f33305004495a9","hash":"6c103302e16864e0e4efd411f510b234debae937"}
,"/Users/raul/MPP/livrogrande-backend/models/role.js": {"path":"/Users/raul/MPP/livrogrande-backend/models/role.js","statementMap":{"0":{"start":{"line":1,"column":0},"end":{"line":9,"column":2}},"1":{"start":{"line":2,"column":15},"end":{"line":4,"column":4}},"2":{"start":{"line":5,"column":2},"end":{"line":7,"column":4}},"3":{"start":{"line":6,"column":4},"end":{"line":6,"column":69}},"4":{"start":{"line":8,"column":2},"end":{"line":8,"column":14}}},"fnMap":{"0":{"name":"(anonymous_0)","decl":{"start":{"line":1,"column":17},"end":{"line":1,"column":18}},"loc":{"start":{"line":1,"column":43},"end":{"line":9,"column":1}},"line":1},"1":{"name":"(anonymous_1)","decl":{"start":{"line":5,"column":19},"end":{"line":5,"column":20}},"loc":{"start":{"line":5,"column":36},"end":{"line":7,"column":3}},"line":5}},"branchMap":{},"s":{"0":1,"1":1,"2":1,"3":1,"4":1},"f":{"0":1,"1":1},"b":{},"_coverageSchema":"1a1c01bbd47fc00a2c39e90264f33305004495a9","hash":"1d1bdba1e8c53205280beff644d146cac8e80dd0"}
,"/Users/raul/MPP/livrogrande-backend/models/suspiciousUser.js": {"path":"/Users/raul/MPP/livrogrande-backend/models/suspiciousUser.js","statementMap":{"0":{"start":{"line":1,"column":0},"end":{"line":12,"column":2}},"1":{"start":{"line":2,"column":25},"end":{"line":5,"column":4}},"2":{"start":{"line":8,"column":2},"end":{"line":10,"column":4}},"3":{"start":{"line":9,"column":4},"end":{"line":9,"column":80}},"4":{"start":{"line":11,"column":2},"end":{"line":11,"column":24}}},"fnMap":{"0":{"name":"(anonymous_0)","decl":{"start":{"line":1,"column":17},"end":{"line":1,"column":18}},"loc":{"start":{"line":1,"column":43},"end":{"line":12,"column":1}},"line":1},"1":{"name":"(anonymous_1)","decl":{"start":{"line":8,"column":29},"end":{"line":8,"column":30}},"loc":{"start":{"line":8,"column":46},"end":{"line":10,"column":3}},"line":8}},"branchMap":{},"s":{"0":1,"1":1,"2":1,"3":1,"4":1},"f":{"0":1,"1":1},"b":{},"_coverageSchema":"1a1c01bbd47fc00a2c39e90264f33305004495a9","hash":"1c4f03acb5697744910deb108c4b408480167ac3"}
,"/Users/raul/MPP/livrogrande-backend/models/user.js": {"path":"/Users/raul/MPP/livrogrande-backend/models/user.js","statementMap":{"0":{"start":{"line":1,"column":0},"end":{"line":11,"column":2}},"1":{"start":{"line":2,"column":15},"end":{"line":6,"column":4}},"2":{"start":{"line":7,"column":2},"end":{"line":9,"column":4}},"3":{"start":{"line":8,"column":4},"end":{"line":8,"column":70}},"4":{"start":{"line":10,"column":2},"end":{"line":10,"column":14}}},"fnMap":{"0":{"name":"(anonymous_0)","decl":{"start":{"line":1,"column":17},"end":{"line":1,"column":18}},"loc":{"start":{"line":1,"column":43},"end":{"line":11,"column":1}},"line":1},"1":{"name":"(anonymous_1)","decl":{"start":{"line":7,"column":19},"end":{"line":7,"column":20}},"loc":{"start":{"line":7,"column":36},"end":{"line":9,"column":3}},"line":7}},"branchMap":{},"s":{"0":1,"1":1,"2":1,"3":1,"4":1},"f":{"0":1,"1":1},"b":{},"_coverageSchema":"1a1c01bbd47fc00a2c39e90264f33305004495a9","hash":"a60cec41e5198c243aa2d3de39822b49ae08e8c2"}
,"/Users/raul/MPP/livrogrande-backend/routes/bookRoutes.js": {"path":"/Users/raul/MPP/livrogrande-backend/routes/bookRoutes.js","statementMap":{"0":{"start":{"line":1,"column":16},"end":{"line":1,"column":34}},"1":{"start":{"line":2,"column":15},"end":{"line":2,"column":31}},"2":{"start":{"line":3,"column":23},"end":{"line":3,"column":63}},"3":{"start":{"line":6,"column":0},"end":{"line":8,"column":3}},"4":{"start":{"line":7,"column":2},"end":{"line":7,"column":41}},"5":{"start":{"line":11,"column":0},"end":{"line":11,"column":41}},"6":{"start":{"line":12,"column":0},"end":{"line":12,"column":47}},"7":{"start":{"line":13,"column":0},"end":{"line":13,"column":44}},"8":{"start":{"line":14,"column":0},"end":{"line":14,"column":46}},"9":{"start":{"line":15,"column":0},"end":{"line":15,"column":49}},"10":{"start":{"line":18,"column":0},"end":{"line":18,"column":63}},"11":{"start":{"line":19,"column":0},"end":{"line":19,"column":61}},"12":{"start":{"line":21,"column":0},"end":{"line":21,"column":24}}},"fnMap":{"0":{"name":"(anonymous_0)","decl":{"start":{"line":6,"column":22},"end":{"line":6,"column":23}},"loc":{"start":{"line":6,"column":36},"end":{"line":8,"column":1}},"line":6}},"branchMap":{},"s":{"0":1,"1":1,"2":1,"3":1,"4":0,"5":1,"6":1,"7":1,"8":1,"9":1,"10":1,"11":1,"12":1},"f":{"0":0},"b":{},"_coverageSchema":"1a1c01bbd47fc00a2c39e90264f33305004495a9","hash":"560a8b3a806df70d3cf55a87bd5e8d274243098a"}
,"/Users/raul/MPP/livrogrande-backend/routes/userRoutes.js": {"path":"/Users/raul/MPP/livrogrande-backend/routes/userRoutes.js","statementMap":{"0":{"start":{"line":1,"column":16},"end":{"line":1,"column":34}},"1":{"start":{"line":2,"column":15},"end":{"line":2,"column":31}},"2":{"start":{"line":5,"column":39},"end":{"line":5,"column":59}},"3":{"start":{"line":8,"column":0},"end":{"line":24,"column":3}},"4":{"start":{"line":9,"column":2},"end":{"line":23,"column":3}},"5":{"start":{"line":10,"column":35},"end":{"line":10,"column":43}},"6":{"start":{"line":11,"column":17},"end":{"line":14,"column":6}},"7":{"start":{"line":16,"column":4},"end":{"line":20,"column":5}},"8":{"start":{"line":17,"column":6},"end":{"line":17,"column":33}},"9":{"start":{"line":19,"column":6},"end":{"line":19,"column":63}},"10":{"start":{"line":22,"column":4},"end":{"line":22,"column":51}},"11":{"start":{"line":27,"column":0},"end":{"line":36,"column":3}},"12":{"start":{"line":28,"column":2},"end":{"line":35,"column":3}},"13":{"start":{"line":29,"column":21},"end":{"line":31,"column":6}},"14":{"start":{"line":32,"column":4},"end":{"line":32,"column":35}},"15":{"start":{"line":34,"column":4},"end":{"line":34,"column":49}},"16":{"start":{"line":38,"column":0},"end":{"line":38,"column":24}}},"fnMap":{"0":{"name":"(anonymous_0)","decl":{"start":{"line":8,"column":22},"end":{"line":8,"column":23}},"loc":{"start":{"line":8,"column":42},"end":{"line":24,"column":1}},"line":8},"1":{"name":"(anonymous_1)","decl":{"start":{"line":27,"column":26},"end":{"line":27,"column":27}},"loc":{"start":{"line":27,"column":46},"end":{"line":36,"column":1}},"line":27}},"branchMap":{"0":{"loc":{"start":{"line":16,"column":4},"end":{"line":20,"column":5}},"type":"if","locations":[{"start":{"line":16,"column":4},"end":{"line":20,"column":5}},{"start":{"line":18,"column":11},"end":{"line":20,"column":5}}],"line":16}},"s":{"0":1,"1":1,"2":1,"3":1,"4":0,"5":0,"6":0,"7":0,"8":0,"9":0,"10":0,"11":1,"12":0,"13":0,"14":0,"15":0,"16":1},"f":{"0":0,"1":0},"b":{"0":[0,0]},"_coverageSchema":"1a1c01bbd47fc00a2c39e90264f33305004495a9","hash":"29f3a8ccf3ed444562c2d5491e4b039832e10c05"}
}
