TN:
SF:server.js
FN:33,(anonymous_0)
FN:34,(anonymous_1)
FN:36,startServer
FN:42,(anonymous_3)
FN:46,(anonymous_4)
FN:51,(anonymous_5)
FN:64,(anonymous_6)
FNF:7
FNH:2
FNDA:1,(anonymous_0)
FNDA:0,(anonymous_1)
FNDA:1,startServer
FNDA:0,(anonymous_3)
FNDA:0,(anonymous_4)
FNDA:0,(anonymous_5)
FNDA:0,(anonymous_6)
DA:1,1
DA:2,1
DA:3,1
DA:4,1
DA:5,1
DA:6,1
DA:7,1
DA:8,1
DA:10,1
DA:11,1
DA:12,1
DA:14,1
DA:15,1
DA:17,1
DA:19,1
DA:23,1
DA:24,1
DA:25,1
DA:28,1
DA:29,1
DA:32,1
DA:33,1
DA:34,0
DA:37,1
DA:38,1
DA:39,1
DA:42,1
DA:43,0
DA:46,0
DA:47,0
DA:51,0
DA:52,0
DA:53,0
DA:54,0
DA:55,0
DA:57,0
DA:63,1
DA:64,0
DA:65,0
DA:66,0
DA:70,1
DA:72,1
LF:42
LH:29
BRDA:17,0,0,1
BRDA:17,0,1,1
BRDA:63,1,0,0
BRDA:63,1,1,1
BRF:4
BRH:3
end_of_record
TN:
SF:sharedData.js
FNF:0
FNH:0
DA:1,1
DA:8,1
DA:23,1
LF:3
LH:3
BRF:0
BRH:0
end_of_record
TN:
SF:controllers/bookController.js
FN:6,(anonymous_0)
FN:24,(anonymous_1)
FN:38,(anonymous_2)
FN:67,(anonymous_3)
FN:96,(anonymous_4)
FN:109,(anonymous_5)
FN:126,(anonymous_6)
FN:131,(anonymous_7)
FN:157,(anonymous_8)
FNF:9
FNH:7
FNDA:1,(anonymous_0)
FNDA:2,(anonymous_1)
FNDA:1,(anonymous_2)
FNDA:2,(anonymous_3)
FNDA:2,(anonymous_4)
FNDA:0,(anonymous_5)
FNDA:3,(anonymous_6)
FNDA:0,(anonymous_7)
FNDA:2,(anonymous_8)
DA:1,1
DA:3,1
DA:6,1
DA:7,1
DA:8,1
DA:9,1
DA:12,1
DA:18,1
DA:20,0
DA:24,1
DA:25,2
DA:26,2
DA:30,2
DA:31,1
DA:33,0
DA:38,1
DA:39,1
DA:40,1
DA:42,1
DA:43,1
DA:45,1
DA:53,0
DA:57,0
DA:58,0
DA:60,0
DA:62,1
DA:67,1
DA:68,2
DA:69,2
DA:71,2
DA:72,2
DA:74,2
DA:75,2
DA:77,1
DA:85,0
DA:89,0
DA:91,1
DA:96,1
DA:97,2
DA:98,2
DA:99,2
DA:101,1
DA:102,1
DA:104,0
DA:109,1
DA:110,0
DA:111,0
DA:114,0
DA:119,0
DA:121,0
DA:126,1
DA:127,3
DA:129,1
DA:131,1
DA:132,0
DA:134,0
DA:142,0
DA:146,0
DA:147,0
DA:150,0
DA:154,1
DA:157,1
DA:158,2
DA:160,2
DA:161,2
DA:162,2
LF:66
LH:46
BRDA:9,0,0,0
BRDA:9,0,1,1
BRDA:30,1,0,1
BRDA:30,1,1,1
BRDA:42,2,0,0
BRDA:42,2,1,1
BRDA:42,3,0,1
BRDA:42,3,1,1
BRDA:43,4,0,0
BRDA:43,4,1,1
BRDA:43,5,0,1
BRDA:43,5,1,1
BRDA:48,6,0,1
BRDA:48,6,1,0
BRDA:49,7,0,1
BRDA:49,7,1,0
BRDA:50,8,0,1
BRDA:50,8,1,0
BRDA:58,9,0,0
BRDA:58,9,1,0
BRDA:71,10,0,0
BRDA:71,10,1,2
BRDA:71,11,0,2
BRDA:71,11,1,2
BRDA:72,12,0,0
BRDA:72,12,1,2
BRDA:72,13,0,2
BRDA:72,13,1,0
BRDA:75,14,0,1
BRDA:75,14,1,1
BRDA:99,15,0,1
BRDA:99,15,1,1
BRDA:127,16,0,2
BRDA:127,16,1,1
BRDA:146,17,0,0
BRDA:146,17,1,0
BRF:36
BRH:23
end_of_record
TN:
SF:graphql/schema.js
FN:36,(anonymous_0)
FN:41,(anonymous_1)
FN:41,(anonymous_2)
FN:42,(anonymous_3)
FN:46,(anonymous_4)
FN:46,(anonymous_5)
FN:50,(anonymous_6)
FN:52,(anonymous_7)
FN:61,(anonymous_8)
FN:62,(anonymous_9)
FN:64,(anonymous_10)
FN:70,(anonymous_11)
FN:71,(anonymous_12)
FNF:13
FNH:0
FNDA:0,(anonymous_0)
FNDA:0,(anonymous_1)
FNDA:0,(anonymous_2)
FNDA:0,(anonymous_3)
FNDA:0,(anonymous_4)
FNDA:0,(anonymous_5)
FNDA:0,(anonymous_6)
FNDA:0,(anonymous_7)
FNDA:0,(anonymous_8)
FNDA:0,(anonymous_9)
FNDA:0,(anonymous_10)
FNDA:0,(anonymous_11)
FNDA:0,(anonymous_12)
DA:1,1
DA:2,1
DA:4,1
DA:34,1
DA:37,0
DA:38,0
DA:39,0
DA:41,0
DA:42,0
DA:46,0
DA:52,0
DA:53,0
DA:58,0
DA:59,0
DA:62,0
DA:63,0
DA:64,0
DA:65,0
DA:66,0
DA:68,0
DA:71,0
DA:72,0
DA:73,0
DA:74,0
DA:76,0
DA:81,1
LF:26
LH:5
BRDA:36,0,0,0
BRDA:36,1,0,0
BRDA:52,2,0,0
BRDA:52,2,1,0
BRDA:63,3,0,0
BRDA:63,3,1,0
BRDA:64,4,0,0
BRDA:64,4,1,0
BRDA:72,5,0,0
BRDA:72,5,1,0
BRF:10
BRH:0
end_of_record
TN:
SF:middleware/stealthLogger.js
FN:4,stealthLogger
FNF:1
FNH:1
FNDA:13,stealthLogger
DA:1,1
DA:2,1
DA:5,13
DA:7,10
DA:8,10
DA:10,10
DA:11,0
DA:13,0
DA:15,0
DA:18,0
DA:20,0
DA:27,0
DA:29,0
DA:31,0
DA:33,0
DA:37,0
DA:41,0
DA:46,13
DA:49,1
LF:19
LH:8
BRDA:5,0,0,10
BRDA:5,0,1,3
BRDA:10,1,0,0
BRDA:10,1,1,10
BRDA:10,2,0,10
BRDA:10,2,1,0
BRDA:11,3,0,0
BRDA:11,3,1,0
BRDA:11,4,0,0
BRDA:11,4,1,0
BRDA:27,5,0,0
BRDA:27,5,1,0
BRDA:31,6,0,0
BRDA:31,6,1,0
BRF:14
BRH:4
end_of_record
TN:
SF:models/Chat.js
FNF:0
FNH:0
DA:1,1
DA:3,1
DA:9,1
LF:3
LH:3
BRF:0
BRH:0
end_of_record
TN:
SF:models/book.js
FN:1,(anonymous_0)
FN:10,(anonymous_1)
FNF:2
FNH:2
FNDA:1,(anonymous_0)
FNDA:1,(anonymous_1)
DA:1,1
DA:2,1
DA:10,1
DA:12,1
DA:15,1
LF:5
LH:5
BRF:0
BRH:0
end_of_record
TN:
SF:models/index.js
FN:21,(anonymous_0)
FN:29,(anonymous_1)
FN:34,(anonymous_2)
FNF:3
FNH:3
FNDA:8,(anonymous_0)
FNDA:7,(anonymous_1)
FNDA:7,(anonymous_2)
DA:3,1
DA:4,1
DA:5,1
DA:6,1
DA:7,1
DA:8,1
DA:9,1
DA:10,1
DA:13,1
DA:14,0
DA:16,1
DA:19,1
DA:22,8
DA:30,7
DA:31,7
DA:34,1
DA:35,7
DA:36,5
DA:40,1
DA:41,1
DA:43,1
LF:21
LH:20
BRDA:8,0,0,1
BRDA:8,0,1,0
BRDA:13,1,0,0
BRDA:13,1,1,1
BRDA:23,2,0,8
BRDA:23,2,1,8
BRDA:23,2,2,7
BRDA:23,2,3,7
BRDA:35,3,0,5
BRDA:35,3,1,2
BRF:10
BRH:8
end_of_record
TN:
SF:models/log.js
FN:1,(anonymous_0)
FNF:1
FNH:1
FNDA:1,(anonymous_0)
DA:1,1
DA:2,1
DA:7,1
LF:3
LH:3
BRF:0
BRH:0
end_of_record
TN:
SF:models/publisher.js
FN:1,(anonymous_0)
FN:7,(anonymous_1)
FNF:2
FNH:2
FNDA:1,(anonymous_0)
FNDA:1,(anonymous_1)
DA:1,1
DA:2,1
DA:7,1
DA:9,1
DA:12,1
LF:5
LH:5
BRF:0
BRH:0
end_of_record
TN:
SF:models/role.js
FN:1,(anonymous_0)
FN:5,(anonymous_1)
FNF:2
FNH:2
FNDA:1,(anonymous_0)
FNDA:1,(anonymous_1)
DA:1,1
DA:2,1
DA:5,1
DA:6,1
DA:8,1
LF:5
LH:5
BRF:0
BRH:0
end_of_record
TN:
SF:models/suspiciousUser.js
FN:1,(anonymous_0)
FN:8,(anonymous_1)
FNF:2
FNH:2
FNDA:1,(anonymous_0)
FNDA:1,(anonymous_1)
DA:1,1
DA:2,1
DA:8,1
DA:9,1
DA:11,1
LF:5
LH:5
BRF:0
BRH:0
end_of_record
TN:
SF:models/user.js
FN:1,(anonymous_0)
FN:7,(anonymous_1)
FNF:2
FNH:2
FNDA:1,(anonymous_0)
FNDA:1,(anonymous_1)
DA:1,1
DA:2,1
DA:7,1
DA:8,1
DA:10,1
LF:5
LH:5
BRF:0
BRH:0
end_of_record
TN:
SF:routes/bookRoutes.js
FN:6,(anonymous_0)
FNF:1
FNH:0
FNDA:0,(anonymous_0)
DA:1,1
DA:2,1
DA:3,1
DA:6,1
DA:7,0
DA:11,1
DA:12,1
DA:13,1
DA:14,1
DA:15,1
DA:18,1
DA:19,1
DA:21,1
LF:13
LH:12
BRF:0
BRH:0
end_of_record
TN:
SF:routes/userRoutes.js
FN:8,(anonymous_0)
FN:27,(anonymous_1)
FNF:2
FNH:0
FNDA:0,(anonymous_0)
FNDA:0,(anonymous_1)
DA:1,1
DA:2,1
DA:5,1
DA:8,1
DA:9,0
DA:10,0
DA:11,0
DA:16,0
DA:17,0
DA:19,0
DA:22,0
DA:27,1
DA:28,0
DA:29,0
DA:32,0
DA:34,0
DA:38,1
LF:17
LH:6
BRDA:16,0,0,0
BRDA:16,0,1,0
BRF:2
BRH:0
end_of_record
